<?xml version="1.0" encoding="UTF-8"?>
<!-- Generated by org.testng.reporters.JUnitReportReporter -->
<testsuite skipped="0" hostname="ADBIN0480" name="Tests.HomePageTest" tests="1" failures="0" timestamp="2020-08-20T13:06:23 IST" time="0.829" errors="0">
  <testcase name="navigatingToWeather" time="0.829" classname="Tests.HomePageTest"/>
  <system-out/>
</testsuite> <!-- Tests.HomePageTest -->
