<?xml version="1.0" encoding="UTF-8"?>
<!-- Generated by org.testng.reporters.JUnitReportReporter -->
<testsuite skipped="0" hostname="ADBIN0480" name="Tests.comparator" tests="1" failures="0" timestamp="2020-08-21T22:08:09 IST" time="0.025" errors="0">
  <testcase name="comparingCSV" time="0.025" classname="Tests.comparator"/>
  <system-out/>
</testsuite> <!-- Tests.comparator -->
