<?xml version="1.0" encoding="UTF-8"?>
<!-- Generated by org.testng.reporters.JUnitReportReporter -->
<testsuite skipped="0" hostname="ADBIN0480" name="Tests.weatherPageTest" tests="1" failures="0" timestamp="2020-08-21T22:08:49 IST" time="14.195" errors="0">
  <testcase name="navigatingToWeather" time="14.195" classname="Tests.weatherPageTest"/>
  <system-out/>
</testsuite> <!-- Tests.weatherPageTest -->
